Determining if the pthread_create exist failed with the following output:
Change Dir: /home/uwb5/git/ZED2/zed-examples/object detection/birds eye viewer/cpp/build/CMakeFiles/CMakeTmp

Run Build Command:"/usr/bin/make" "cmTC_be7ae/fast"
/usr/bin/make -f CMakeFiles/cmTC_be7ae.dir/build.make CMakeFiles/cmTC_be7ae.dir/build
make[1]: Entering directory '/home/uwb5/git/ZED2/zed-examples/object detection/birds eye viewer/cpp/build/CMakeFiles/CMakeTmp'
Building C object CMakeFiles/cmTC_be7ae.dir/CheckSymbolExists.c.o
/usr/bin/cc    -o CMakeFiles/cmTC_be7ae.dir/CheckSymbolExists.c.o   -c "/home/uwb5/git/ZED2/zed-examples/object detection/birds eye viewer/cpp/build/CMakeFiles/CMakeTmp/CheckSymbolExists.c"
Linking C executable cmTC_be7ae
/usr/bin/cmake -E cmake_link_script CMakeFiles/cmTC_be7ae.dir/link.txt --verbose=1
/usr/bin/cc      -rdynamic CMakeFiles/cmTC_be7ae.dir/CheckSymbolExists.c.o  -o cmTC_be7ae 
CMakeFiles/cmTC_be7ae.dir/CheckSymbolExists.c.o: In function `main':
CheckSymbolExists.c:(.text+0x14): undefined reference to `pthread_create'
CheckSymbolExists.c:(.text+0x18): undefined reference to `pthread_create'
collect2: error: ld returned 1 exit status
CMakeFiles/cmTC_be7ae.dir/build.make:97: recipe for target 'cmTC_be7ae' failed
make[1]: *** [cmTC_be7ae] Error 1
make[1]: Leaving directory '/home/uwb5/git/ZED2/zed-examples/object detection/birds eye viewer/cpp/build/CMakeFiles/CMakeTmp'
Makefile:126: recipe for target 'cmTC_be7ae/fast' failed
make: *** [cmTC_be7ae/fast] Error 2

File /home/uwb5/git/ZED2/zed-examples/object detection/birds eye viewer/cpp/build/CMakeFiles/CMakeTmp/CheckSymbolExists.c:
/* */
#include <pthread.h>

int main(int argc, char** argv)
{
  (void)argv;
#ifndef pthread_create
  return ((int*)(&pthread_create))[argc];
#else
  (void)argc;
  return 0;
#endif
}

Determining if the function pthread_create exists in the pthreads failed with the following output:
Change Dir: /home/uwb5/git/ZED2/zed-examples/object detection/birds eye viewer/cpp/build/CMakeFiles/CMakeTmp

Run Build Command:"/usr/bin/make" "cmTC_52a65/fast"
/usr/bin/make -f CMakeFiles/cmTC_52a65.dir/build.make CMakeFiles/cmTC_52a65.dir/build
make[1]: Entering directory '/home/uwb5/git/ZED2/zed-examples/object detection/birds eye viewer/cpp/build/CMakeFiles/CMakeTmp'
Building C object CMakeFiles/cmTC_52a65.dir/CheckFunctionExists.c.o
/usr/bin/cc   -DCHECK_FUNCTION_EXISTS=pthread_create   -o CMakeFiles/cmTC_52a65.dir/CheckFunctionExists.c.o   -c /usr/share/cmake-3.10/Modules/CheckFunctionExists.c
Linking C executable cmTC_52a65
/usr/bin/cmake -E cmake_link_script CMakeFiles/cmTC_52a65.dir/link.txt --verbose=1
/usr/bin/cc  -DCHECK_FUNCTION_EXISTS=pthread_create    -rdynamic CMakeFiles/cmTC_52a65.dir/CheckFunctionExists.c.o  -o cmTC_52a65 -lpthreads 
/usr/bin/ld: cannot find -lpthreads
collect2: error: ld returned 1 exit status
CMakeFiles/cmTC_52a65.dir/build.make:97: recipe for target 'cmTC_52a65' failed
make[1]: *** [cmTC_52a65] Error 1
make[1]: Leaving directory '/home/uwb5/git/ZED2/zed-examples/object detection/birds eye viewer/cpp/build/CMakeFiles/CMakeTmp'
Makefile:126: recipe for target 'cmTC_52a65/fast' failed
make: *** [cmTC_52a65/fast] Error 2


