Determining if the pthread_create exist failed with the following output:
Change Dir: /home/uwb5/git/ZED2/zed-examples/body tracking/cpp/build/CMakeFiles/CMakeTmp

Run Build Command:"/usr/bin/make" "cmTC_7f06b/fast"
/usr/bin/make -f CMakeFiles/cmTC_7f06b.dir/build.make CMakeFiles/cmTC_7f06b.dir/build
make[1]: Entering directory '/home/uwb5/git/ZED2/zed-examples/body tracking/cpp/build/CMakeFiles/CMakeTmp'
Building C object CMakeFiles/cmTC_7f06b.dir/CheckSymbolExists.c.o
/usr/bin/cc    -o CMakeFiles/cmTC_7f06b.dir/CheckSymbolExists.c.o   -c "/home/uwb5/git/ZED2/zed-examples/body tracking/cpp/build/CMakeFiles/CMakeTmp/CheckSymbolExists.c"
Linking C executable cmTC_7f06b
/usr/bin/cmake -E cmake_link_script CMakeFiles/cmTC_7f06b.dir/link.txt --verbose=1
/usr/bin/cc      -rdynamic CMakeFiles/cmTC_7f06b.dir/CheckSymbolExists.c.o  -o cmTC_7f06b 
CMakeFiles/cmTC_7f06b.dir/CheckSymbolExists.c.o: In function `main':
CheckSymbolExists.c:(.text+0x14): undefined reference to `pthread_create'
CheckSymbolExists.c:(.text+0x18): undefined reference to `pthread_create'
collect2: error: ld returned 1 exit status
CMakeFiles/cmTC_7f06b.dir/build.make:97: recipe for target 'cmTC_7f06b' failed
make[1]: *** [cmTC_7f06b] Error 1
make[1]: Leaving directory '/home/uwb5/git/ZED2/zed-examples/body tracking/cpp/build/CMakeFiles/CMakeTmp'
Makefile:126: recipe for target 'cmTC_7f06b/fast' failed
make: *** [cmTC_7f06b/fast] Error 2

File /home/uwb5/git/ZED2/zed-examples/body tracking/cpp/build/CMakeFiles/CMakeTmp/CheckSymbolExists.c:
/* */
#include <pthread.h>

int main(int argc, char** argv)
{
  (void)argv;
#ifndef pthread_create
  return ((int*)(&pthread_create))[argc];
#else
  (void)argc;
  return 0;
#endif
}

Determining if the function pthread_create exists in the pthreads failed with the following output:
Change Dir: /home/uwb5/git/ZED2/zed-examples/body tracking/cpp/build/CMakeFiles/CMakeTmp

Run Build Command:"/usr/bin/make" "cmTC_8a543/fast"
/usr/bin/make -f CMakeFiles/cmTC_8a543.dir/build.make CMakeFiles/cmTC_8a543.dir/build
make[1]: Entering directory '/home/uwb5/git/ZED2/zed-examples/body tracking/cpp/build/CMakeFiles/CMakeTmp'
Building C object CMakeFiles/cmTC_8a543.dir/CheckFunctionExists.c.o
/usr/bin/cc   -DCHECK_FUNCTION_EXISTS=pthread_create   -o CMakeFiles/cmTC_8a543.dir/CheckFunctionExists.c.o   -c /usr/share/cmake-3.10/Modules/CheckFunctionExists.c
Linking C executable cmTC_8a543
/usr/bin/cmake -E cmake_link_script CMakeFiles/cmTC_8a543.dir/link.txt --verbose=1
/usr/bin/cc  -DCHECK_FUNCTION_EXISTS=pthread_create    -rdynamic CMakeFiles/cmTC_8a543.dir/CheckFunctionExists.c.o  -o cmTC_8a543 -lpthreads 
/usr/bin/ld: cannot find -lpthreads
collect2: error: ld returned 1 exit status
CMakeFiles/cmTC_8a543.dir/build.make:97: recipe for target 'cmTC_8a543' failed
make[1]: *** [cmTC_8a543] Error 1
make[1]: Leaving directory '/home/uwb5/git/ZED2/zed-examples/body tracking/cpp/build/CMakeFiles/CMakeTmp'
Makefile:126: recipe for target 'cmTC_8a543/fast' failed
make: *** [cmTC_8a543/fast] Error 2


