Determining if the pthread_create exist failed with the following output:
Change Dir: /home/uwb5/git/ZED2/Objectdetection_Jake/birds eye viewer/cpp/build/CMakeFiles/CMakeTmp

Run Build Command:"/usr/bin/make" "cmTC_52c7c/fast"
/usr/bin/make -f CMakeFiles/cmTC_52c7c.dir/build.make CMakeFiles/cmTC_52c7c.dir/build
make[1]: Entering directory '/home/uwb5/git/ZED2/Objectdetection_Jake/birds eye viewer/cpp/build/CMakeFiles/CMakeTmp'
Building C object CMakeFiles/cmTC_52c7c.dir/CheckSymbolExists.c.o
/usr/bin/cc    -o CMakeFiles/cmTC_52c7c.dir/CheckSymbolExists.c.o   -c "/home/uwb5/git/ZED2/Objectdetection_Jake/birds eye viewer/cpp/build/CMakeFiles/CMakeTmp/CheckSymbolExists.c"
Linking C executable cmTC_52c7c
/usr/bin/cmake -E cmake_link_script CMakeFiles/cmTC_52c7c.dir/link.txt --verbose=1
/usr/bin/cc      -rdynamic CMakeFiles/cmTC_52c7c.dir/CheckSymbolExists.c.o  -o cmTC_52c7c 
CMakeFiles/cmTC_52c7c.dir/CheckSymbolExists.c.o: In function `main':
CheckSymbolExists.c:(.text+0x14): undefined reference to `pthread_create'
CheckSymbolExists.c:(.text+0x18): undefined reference to `pthread_create'
collect2: error: ld returned 1 exit status
CMakeFiles/cmTC_52c7c.dir/build.make:97: recipe for target 'cmTC_52c7c' failed
make[1]: *** [cmTC_52c7c] Error 1
make[1]: Leaving directory '/home/uwb5/git/ZED2/Objectdetection_Jake/birds eye viewer/cpp/build/CMakeFiles/CMakeTmp'
Makefile:126: recipe for target 'cmTC_52c7c/fast' failed
make: *** [cmTC_52c7c/fast] Error 2

File /home/uwb5/git/ZED2/Objectdetection_Jake/birds eye viewer/cpp/build/CMakeFiles/CMakeTmp/CheckSymbolExists.c:
/* */
#include <pthread.h>

int main(int argc, char** argv)
{
  (void)argv;
#ifndef pthread_create
  return ((int*)(&pthread_create))[argc];
#else
  (void)argc;
  return 0;
#endif
}

Determining if the function pthread_create exists in the pthreads failed with the following output:
Change Dir: /home/uwb5/git/ZED2/Objectdetection_Jake/birds eye viewer/cpp/build/CMakeFiles/CMakeTmp

Run Build Command:"/usr/bin/make" "cmTC_672d2/fast"
/usr/bin/make -f CMakeFiles/cmTC_672d2.dir/build.make CMakeFiles/cmTC_672d2.dir/build
make[1]: Entering directory '/home/uwb5/git/ZED2/Objectdetection_Jake/birds eye viewer/cpp/build/CMakeFiles/CMakeTmp'
Building C object CMakeFiles/cmTC_672d2.dir/CheckFunctionExists.c.o
/usr/bin/cc   -DCHECK_FUNCTION_EXISTS=pthread_create   -o CMakeFiles/cmTC_672d2.dir/CheckFunctionExists.c.o   -c /usr/share/cmake-3.10/Modules/CheckFunctionExists.c
Linking C executable cmTC_672d2
/usr/bin/cmake -E cmake_link_script CMakeFiles/cmTC_672d2.dir/link.txt --verbose=1
/usr/bin/cc  -DCHECK_FUNCTION_EXISTS=pthread_create    -rdynamic CMakeFiles/cmTC_672d2.dir/CheckFunctionExists.c.o  -o cmTC_672d2 -lpthreads 
/usr/bin/ld: cannot find -lpthreads
collect2: error: ld returned 1 exit status
CMakeFiles/cmTC_672d2.dir/build.make:97: recipe for target 'cmTC_672d2' failed
make[1]: *** [cmTC_672d2] Error 1
make[1]: Leaving directory '/home/uwb5/git/ZED2/Objectdetection_Jake/birds eye viewer/cpp/build/CMakeFiles/CMakeTmp'
Makefile:126: recipe for target 'cmTC_672d2/fast' failed
make: *** [cmTC_672d2/fast] Error 2


