Determining if the pthread_create exist failed with the following output:
Change Dir: /home/uwb5/git/ZED2/zed-examples/plane detection/cpp/build/CMakeFiles/CMakeTmp

Run Build Command:"/usr/bin/make" "cmTC_56800/fast"
/usr/bin/make -f CMakeFiles/cmTC_56800.dir/build.make CMakeFiles/cmTC_56800.dir/build
make[1]: Entering directory '/home/uwb5/git/ZED2/zed-examples/plane detection/cpp/build/CMakeFiles/CMakeTmp'
Building C object CMakeFiles/cmTC_56800.dir/CheckSymbolExists.c.o
/usr/bin/cc    -o CMakeFiles/cmTC_56800.dir/CheckSymbolExists.c.o   -c "/home/uwb5/git/ZED2/zed-examples/plane detection/cpp/build/CMakeFiles/CMakeTmp/CheckSymbolExists.c"
Linking C executable cmTC_56800
/usr/bin/cmake -E cmake_link_script CMakeFiles/cmTC_56800.dir/link.txt --verbose=1
/usr/bin/cc      -rdynamic CMakeFiles/cmTC_56800.dir/CheckSymbolExists.c.o  -o cmTC_56800 
CMakeFiles/cmTC_56800.dir/CheckSymbolExists.c.o: In function `main':
CheckSymbolExists.c:(.text+0x14): undefined reference to `pthread_create'
CheckSymbolExists.c:(.text+0x18): undefined reference to `pthread_create'
collect2: error: ld returned 1 exit status
CMakeFiles/cmTC_56800.dir/build.make:97: recipe for target 'cmTC_56800' failed
make[1]: *** [cmTC_56800] Error 1
make[1]: Leaving directory '/home/uwb5/git/ZED2/zed-examples/plane detection/cpp/build/CMakeFiles/CMakeTmp'
Makefile:126: recipe for target 'cmTC_56800/fast' failed
make: *** [cmTC_56800/fast] Error 2

File /home/uwb5/git/ZED2/zed-examples/plane detection/cpp/build/CMakeFiles/CMakeTmp/CheckSymbolExists.c:
/* */
#include <pthread.h>

int main(int argc, char** argv)
{
  (void)argv;
#ifndef pthread_create
  return ((int*)(&pthread_create))[argc];
#else
  (void)argc;
  return 0;
#endif
}

Determining if the function pthread_create exists in the pthreads failed with the following output:
Change Dir: /home/uwb5/git/ZED2/zed-examples/plane detection/cpp/build/CMakeFiles/CMakeTmp

Run Build Command:"/usr/bin/make" "cmTC_cfa45/fast"
/usr/bin/make -f CMakeFiles/cmTC_cfa45.dir/build.make CMakeFiles/cmTC_cfa45.dir/build
make[1]: Entering directory '/home/uwb5/git/ZED2/zed-examples/plane detection/cpp/build/CMakeFiles/CMakeTmp'
Building C object CMakeFiles/cmTC_cfa45.dir/CheckFunctionExists.c.o
/usr/bin/cc   -DCHECK_FUNCTION_EXISTS=pthread_create   -o CMakeFiles/cmTC_cfa45.dir/CheckFunctionExists.c.o   -c /usr/share/cmake-3.10/Modules/CheckFunctionExists.c
Linking C executable cmTC_cfa45
/usr/bin/cmake -E cmake_link_script CMakeFiles/cmTC_cfa45.dir/link.txt --verbose=1
/usr/bin/cc  -DCHECK_FUNCTION_EXISTS=pthread_create    -rdynamic CMakeFiles/cmTC_cfa45.dir/CheckFunctionExists.c.o  -o cmTC_cfa45 -lpthreads 
/usr/bin/ld: cannot find -lpthreads
collect2: error: ld returned 1 exit status
CMakeFiles/cmTC_cfa45.dir/build.make:97: recipe for target 'cmTC_cfa45' failed
make[1]: *** [cmTC_cfa45] Error 1
make[1]: Leaving directory '/home/uwb5/git/ZED2/zed-examples/plane detection/cpp/build/CMakeFiles/CMakeTmp'
Makefile:126: recipe for target 'cmTC_cfa45/fast' failed
make: *** [cmTC_cfa45/fast] Error 2


