Determining if the pthread_create exist failed with the following output:
Change Dir: /home/uwb5/git/ZED2/zed-examples/object detection/image viewer/cpp/build/CMakeFiles/CMakeTmp

Run Build Command:"/usr/bin/make" "cmTC_fd2ab/fast"
/usr/bin/make -f CMakeFiles/cmTC_fd2ab.dir/build.make CMakeFiles/cmTC_fd2ab.dir/build
make[1]: Entering directory '/home/uwb5/git/ZED2/zed-examples/object detection/image viewer/cpp/build/CMakeFiles/CMakeTmp'
Building C object CMakeFiles/cmTC_fd2ab.dir/CheckSymbolExists.c.o
/usr/bin/cc    -o CMakeFiles/cmTC_fd2ab.dir/CheckSymbolExists.c.o   -c "/home/uwb5/git/ZED2/zed-examples/object detection/image viewer/cpp/build/CMakeFiles/CMakeTmp/CheckSymbolExists.c"
Linking C executable cmTC_fd2ab
/usr/bin/cmake -E cmake_link_script CMakeFiles/cmTC_fd2ab.dir/link.txt --verbose=1
/usr/bin/cc      -rdynamic CMakeFiles/cmTC_fd2ab.dir/CheckSymbolExists.c.o  -o cmTC_fd2ab 
CMakeFiles/cmTC_fd2ab.dir/CheckSymbolExists.c.o: In function `main':
CheckSymbolExists.c:(.text+0x14): undefined reference to `pthread_create'
CheckSymbolExists.c:(.text+0x18): undefined reference to `pthread_create'
collect2: error: ld returned 1 exit status
CMakeFiles/cmTC_fd2ab.dir/build.make:97: recipe for target 'cmTC_fd2ab' failed
make[1]: *** [cmTC_fd2ab] Error 1
make[1]: Leaving directory '/home/uwb5/git/ZED2/zed-examples/object detection/image viewer/cpp/build/CMakeFiles/CMakeTmp'
Makefile:126: recipe for target 'cmTC_fd2ab/fast' failed
make: *** [cmTC_fd2ab/fast] Error 2

File /home/uwb5/git/ZED2/zed-examples/object detection/image viewer/cpp/build/CMakeFiles/CMakeTmp/CheckSymbolExists.c:
/* */
#include <pthread.h>

int main(int argc, char** argv)
{
  (void)argv;
#ifndef pthread_create
  return ((int*)(&pthread_create))[argc];
#else
  (void)argc;
  return 0;
#endif
}

Determining if the function pthread_create exists in the pthreads failed with the following output:
Change Dir: /home/uwb5/git/ZED2/zed-examples/object detection/image viewer/cpp/build/CMakeFiles/CMakeTmp

Run Build Command:"/usr/bin/make" "cmTC_3e89c/fast"
/usr/bin/make -f CMakeFiles/cmTC_3e89c.dir/build.make CMakeFiles/cmTC_3e89c.dir/build
make[1]: Entering directory '/home/uwb5/git/ZED2/zed-examples/object detection/image viewer/cpp/build/CMakeFiles/CMakeTmp'
Building C object CMakeFiles/cmTC_3e89c.dir/CheckFunctionExists.c.o
/usr/bin/cc   -DCHECK_FUNCTION_EXISTS=pthread_create   -o CMakeFiles/cmTC_3e89c.dir/CheckFunctionExists.c.o   -c /usr/share/cmake-3.10/Modules/CheckFunctionExists.c
Linking C executable cmTC_3e89c
/usr/bin/cmake -E cmake_link_script CMakeFiles/cmTC_3e89c.dir/link.txt --verbose=1
/usr/bin/cc  -DCHECK_FUNCTION_EXISTS=pthread_create    -rdynamic CMakeFiles/cmTC_3e89c.dir/CheckFunctionExists.c.o  -o cmTC_3e89c -lpthreads 
/usr/bin/ld: cannot find -lpthreads
collect2: error: ld returned 1 exit status
CMakeFiles/cmTC_3e89c.dir/build.make:97: recipe for target 'cmTC_3e89c' failed
make[1]: *** [cmTC_3e89c] Error 1
make[1]: Leaving directory '/home/uwb5/git/ZED2/zed-examples/object detection/image viewer/cpp/build/CMakeFiles/CMakeTmp'
Makefile:126: recipe for target 'cmTC_3e89c/fast' failed
make: *** [cmTC_3e89c/fast] Error 2


