Determining if the pthread_create exist failed with the following output:
Change Dir: /home/uwb5/git/ZED2/zed-examples/tutorials/tutorial 5 - spatial mapping/cpp/build/CMakeFiles/CMakeTmp

Run Build Command:"/usr/bin/make" "cmTC_b03e7/fast"
/usr/bin/make -f CMakeFiles/cmTC_b03e7.dir/build.make CMakeFiles/cmTC_b03e7.dir/build
make[1]: Entering directory '/home/uwb5/git/ZED2/zed-examples/tutorials/tutorial 5 - spatial mapping/cpp/build/CMakeFiles/CMakeTmp'
Building C object CMakeFiles/cmTC_b03e7.dir/CheckSymbolExists.c.o
/usr/bin/cc    -o CMakeFiles/cmTC_b03e7.dir/CheckSymbolExists.c.o   -c "/home/uwb5/git/ZED2/zed-examples/tutorials/tutorial 5 - spatial mapping/cpp/build/CMakeFiles/CMakeTmp/CheckSymbolExists.c"
Linking C executable cmTC_b03e7
/usr/bin/cmake -E cmake_link_script CMakeFiles/cmTC_b03e7.dir/link.txt --verbose=1
/usr/bin/cc      -rdynamic CMakeFiles/cmTC_b03e7.dir/CheckSymbolExists.c.o  -o cmTC_b03e7 
CMakeFiles/cmTC_b03e7.dir/CheckSymbolExists.c.o: In function `main':
CheckSymbolExists.c:(.text+0x14): undefined reference to `pthread_create'
CheckSymbolExists.c:(.text+0x18): undefined reference to `pthread_create'
collect2: error: ld returned 1 exit status
CMakeFiles/cmTC_b03e7.dir/build.make:97: recipe for target 'cmTC_b03e7' failed
make[1]: *** [cmTC_b03e7] Error 1
make[1]: Leaving directory '/home/uwb5/git/ZED2/zed-examples/tutorials/tutorial 5 - spatial mapping/cpp/build/CMakeFiles/CMakeTmp'
Makefile:126: recipe for target 'cmTC_b03e7/fast' failed
make: *** [cmTC_b03e7/fast] Error 2

File /home/uwb5/git/ZED2/zed-examples/tutorials/tutorial 5 - spatial mapping/cpp/build/CMakeFiles/CMakeTmp/CheckSymbolExists.c:
/* */
#include <pthread.h>

int main(int argc, char** argv)
{
  (void)argv;
#ifndef pthread_create
  return ((int*)(&pthread_create))[argc];
#else
  (void)argc;
  return 0;
#endif
}

Determining if the function pthread_create exists in the pthreads failed with the following output:
Change Dir: /home/uwb5/git/ZED2/zed-examples/tutorials/tutorial 5 - spatial mapping/cpp/build/CMakeFiles/CMakeTmp

Run Build Command:"/usr/bin/make" "cmTC_2bf41/fast"
/usr/bin/make -f CMakeFiles/cmTC_2bf41.dir/build.make CMakeFiles/cmTC_2bf41.dir/build
make[1]: Entering directory '/home/uwb5/git/ZED2/zed-examples/tutorials/tutorial 5 - spatial mapping/cpp/build/CMakeFiles/CMakeTmp'
Building C object CMakeFiles/cmTC_2bf41.dir/CheckFunctionExists.c.o
/usr/bin/cc   -DCHECK_FUNCTION_EXISTS=pthread_create   -o CMakeFiles/cmTC_2bf41.dir/CheckFunctionExists.c.o   -c /usr/share/cmake-3.10/Modules/CheckFunctionExists.c
Linking C executable cmTC_2bf41
/usr/bin/cmake -E cmake_link_script CMakeFiles/cmTC_2bf41.dir/link.txt --verbose=1
/usr/bin/cc  -DCHECK_FUNCTION_EXISTS=pthread_create    -rdynamic CMakeFiles/cmTC_2bf41.dir/CheckFunctionExists.c.o  -o cmTC_2bf41 -lpthreads 
/usr/bin/ld: cannot find -lpthreads
collect2: error: ld returned 1 exit status
CMakeFiles/cmTC_2bf41.dir/build.make:97: recipe for target 'cmTC_2bf41' failed
make[1]: *** [cmTC_2bf41] Error 1
make[1]: Leaving directory '/home/uwb5/git/ZED2/zed-examples/tutorials/tutorial 5 - spatial mapping/cpp/build/CMakeFiles/CMakeTmp'
Makefile:126: recipe for target 'cmTC_2bf41/fast' failed
make: *** [cmTC_2bf41/fast] Error 2


