Determining if the pthread_create exist failed with the following output:
Change Dir: /home/uwb5/git/ZED2/zed-examples/tutorials/tutorial 3 - depth sensing/cpp/build/CMakeFiles/CMakeTmp

Run Build Command:"/usr/bin/make" "cmTC_f545e/fast"
/usr/bin/make -f CMakeFiles/cmTC_f545e.dir/build.make CMakeFiles/cmTC_f545e.dir/build
make[1]: Entering directory '/home/uwb5/git/ZED2/zed-examples/tutorials/tutorial 3 - depth sensing/cpp/build/CMakeFiles/CMakeTmp'
Building C object CMakeFiles/cmTC_f545e.dir/CheckSymbolExists.c.o
/usr/bin/cc    -o CMakeFiles/cmTC_f545e.dir/CheckSymbolExists.c.o   -c "/home/uwb5/git/ZED2/zed-examples/tutorials/tutorial 3 - depth sensing/cpp/build/CMakeFiles/CMakeTmp/CheckSymbolExists.c"
Linking C executable cmTC_f545e
/usr/bin/cmake -E cmake_link_script CMakeFiles/cmTC_f545e.dir/link.txt --verbose=1
/usr/bin/cc      -rdynamic CMakeFiles/cmTC_f545e.dir/CheckSymbolExists.c.o  -o cmTC_f545e 
CMakeFiles/cmTC_f545e.dir/CheckSymbolExists.c.o: In function `main':
CheckSymbolExists.c:(.text+0x14): undefined reference to `pthread_create'
CheckSymbolExists.c:(.text+0x18): undefined reference to `pthread_create'
collect2: error: ld returned 1 exit status
CMakeFiles/cmTC_f545e.dir/build.make:97: recipe for target 'cmTC_f545e' failed
make[1]: *** [cmTC_f545e] Error 1
make[1]: Leaving directory '/home/uwb5/git/ZED2/zed-examples/tutorials/tutorial 3 - depth sensing/cpp/build/CMakeFiles/CMakeTmp'
Makefile:126: recipe for target 'cmTC_f545e/fast' failed
make: *** [cmTC_f545e/fast] Error 2

File /home/uwb5/git/ZED2/zed-examples/tutorials/tutorial 3 - depth sensing/cpp/build/CMakeFiles/CMakeTmp/CheckSymbolExists.c:
/* */
#include <pthread.h>

int main(int argc, char** argv)
{
  (void)argv;
#ifndef pthread_create
  return ((int*)(&pthread_create))[argc];
#else
  (void)argc;
  return 0;
#endif
}

Determining if the function pthread_create exists in the pthreads failed with the following output:
Change Dir: /home/uwb5/git/ZED2/zed-examples/tutorials/tutorial 3 - depth sensing/cpp/build/CMakeFiles/CMakeTmp

Run Build Command:"/usr/bin/make" "cmTC_0f985/fast"
/usr/bin/make -f CMakeFiles/cmTC_0f985.dir/build.make CMakeFiles/cmTC_0f985.dir/build
make[1]: Entering directory '/home/uwb5/git/ZED2/zed-examples/tutorials/tutorial 3 - depth sensing/cpp/build/CMakeFiles/CMakeTmp'
Building C object CMakeFiles/cmTC_0f985.dir/CheckFunctionExists.c.o
/usr/bin/cc   -DCHECK_FUNCTION_EXISTS=pthread_create   -o CMakeFiles/cmTC_0f985.dir/CheckFunctionExists.c.o   -c /usr/share/cmake-3.10/Modules/CheckFunctionExists.c
Linking C executable cmTC_0f985
/usr/bin/cmake -E cmake_link_script CMakeFiles/cmTC_0f985.dir/link.txt --verbose=1
/usr/bin/cc  -DCHECK_FUNCTION_EXISTS=pthread_create    -rdynamic CMakeFiles/cmTC_0f985.dir/CheckFunctionExists.c.o  -o cmTC_0f985 -lpthreads 
/usr/bin/ld: cannot find -lpthreads
collect2: error: ld returned 1 exit status
CMakeFiles/cmTC_0f985.dir/build.make:97: recipe for target 'cmTC_0f985' failed
make[1]: *** [cmTC_0f985] Error 1
make[1]: Leaving directory '/home/uwb5/git/ZED2/zed-examples/tutorials/tutorial 3 - depth sensing/cpp/build/CMakeFiles/CMakeTmp'
Makefile:126: recipe for target 'cmTC_0f985/fast' failed
make: *** [cmTC_0f985/fast] Error 2


Determining if the pthread_create exist failed with the following output:
Change Dir: /home/uwb5/git/ZED2/Depthsensing_Jake/build/CMakeFiles/CMakeTmp

Run Build Command:"/usr/bin/make" "cmTC_7ebc8/fast"
/usr/bin/make -f CMakeFiles/cmTC_7ebc8.dir/build.make CMakeFiles/cmTC_7ebc8.dir/build
make[1]: Entering directory '/home/uwb5/git/ZED2/Depthsensing_Jake/build/CMakeFiles/CMakeTmp'
Building C object CMakeFiles/cmTC_7ebc8.dir/CheckSymbolExists.c.o
/usr/bin/cc    -o CMakeFiles/cmTC_7ebc8.dir/CheckSymbolExists.c.o   -c /home/uwb5/git/ZED2/Depthsensing_Jake/build/CMakeFiles/CMakeTmp/CheckSymbolExists.c
Linking C executable cmTC_7ebc8
/usr/bin/cmake -E cmake_link_script CMakeFiles/cmTC_7ebc8.dir/link.txt --verbose=1
/usr/bin/cc      -rdynamic CMakeFiles/cmTC_7ebc8.dir/CheckSymbolExists.c.o  -o cmTC_7ebc8 
CMakeFiles/cmTC_7ebc8.dir/CheckSymbolExists.c.o: In function `main':
CheckSymbolExists.c:(.text+0x14): undefined reference to `pthread_create'
CheckSymbolExists.c:(.text+0x18): undefined reference to `pthread_create'
collect2: error: ld returned 1 exit status
CMakeFiles/cmTC_7ebc8.dir/build.make:97: recipe for target 'cmTC_7ebc8' failed
make[1]: *** [cmTC_7ebc8] Error 1
make[1]: Leaving directory '/home/uwb5/git/ZED2/Depthsensing_Jake/build/CMakeFiles/CMakeTmp'
Makefile:126: recipe for target 'cmTC_7ebc8/fast' failed
make: *** [cmTC_7ebc8/fast] Error 2

File /home/uwb5/git/ZED2/Depthsensing_Jake/build/CMakeFiles/CMakeTmp/CheckSymbolExists.c:
/* */
#include <pthread.h>

int main(int argc, char** argv)
{
  (void)argv;
#ifndef pthread_create
  return ((int*)(&pthread_create))[argc];
#else
  (void)argc;
  return 0;
#endif
}

Determining if the function pthread_create exists in the pthreads failed with the following output:
Change Dir: /home/uwb5/git/ZED2/Depthsensing_Jake/build/CMakeFiles/CMakeTmp

Run Build Command:"/usr/bin/make" "cmTC_8d7e2/fast"
/usr/bin/make -f CMakeFiles/cmTC_8d7e2.dir/build.make CMakeFiles/cmTC_8d7e2.dir/build
make[1]: Entering directory '/home/uwb5/git/ZED2/Depthsensing_Jake/build/CMakeFiles/CMakeTmp'
Building C object CMakeFiles/cmTC_8d7e2.dir/CheckFunctionExists.c.o
/usr/bin/cc   -DCHECK_FUNCTION_EXISTS=pthread_create   -o CMakeFiles/cmTC_8d7e2.dir/CheckFunctionExists.c.o   -c /usr/share/cmake-3.10/Modules/CheckFunctionExists.c
Linking C executable cmTC_8d7e2
/usr/bin/cmake -E cmake_link_script CMakeFiles/cmTC_8d7e2.dir/link.txt --verbose=1
/usr/bin/cc  -DCHECK_FUNCTION_EXISTS=pthread_create    -rdynamic CMakeFiles/cmTC_8d7e2.dir/CheckFunctionExists.c.o  -o cmTC_8d7e2 -lpthreads 
/usr/bin/ld: cannot find -lpthreads
collect2: error: ld returned 1 exit status
CMakeFiles/cmTC_8d7e2.dir/build.make:97: recipe for target 'cmTC_8d7e2' failed
make[1]: *** [cmTC_8d7e2] Error 1
make[1]: Leaving directory '/home/uwb5/git/ZED2/Depthsensing_Jake/build/CMakeFiles/CMakeTmp'
Makefile:126: recipe for target 'cmTC_8d7e2/fast' failed
make: *** [cmTC_8d7e2/fast] Error 2


Determining if the pthread_create exist failed with the following output:
Change Dir: /home/uwb5/git/ZED2/Depthsensing_Jake/build/CMakeFiles/CMakeTmp

Run Build Command:"/usr/bin/make" "cmTC_c8b22/fast"
/usr/bin/make -f CMakeFiles/cmTC_c8b22.dir/build.make CMakeFiles/cmTC_c8b22.dir/build
make[1]: Entering directory '/home/uwb5/git/ZED2/Depthsensing_Jake/build/CMakeFiles/CMakeTmp'
Building C object CMakeFiles/cmTC_c8b22.dir/CheckSymbolExists.c.o
/usr/bin/cc    -o CMakeFiles/cmTC_c8b22.dir/CheckSymbolExists.c.o   -c /home/uwb5/git/ZED2/Depthsensing_Jake/build/CMakeFiles/CMakeTmp/CheckSymbolExists.c
Linking C executable cmTC_c8b22
/usr/bin/cmake -E cmake_link_script CMakeFiles/cmTC_c8b22.dir/link.txt --verbose=1
/usr/bin/cc      -rdynamic CMakeFiles/cmTC_c8b22.dir/CheckSymbolExists.c.o  -o cmTC_c8b22 
CMakeFiles/cmTC_c8b22.dir/CheckSymbolExists.c.o: In function `main':
CheckSymbolExists.c:(.text+0x14): undefined reference to `pthread_create'
CheckSymbolExists.c:(.text+0x18): undefined reference to `pthread_create'
collect2: error: ld returned 1 exit status
CMakeFiles/cmTC_c8b22.dir/build.make:97: recipe for target 'cmTC_c8b22' failed
make[1]: *** [cmTC_c8b22] Error 1
make[1]: Leaving directory '/home/uwb5/git/ZED2/Depthsensing_Jake/build/CMakeFiles/CMakeTmp'
Makefile:126: recipe for target 'cmTC_c8b22/fast' failed
make: *** [cmTC_c8b22/fast] Error 2

File /home/uwb5/git/ZED2/Depthsensing_Jake/build/CMakeFiles/CMakeTmp/CheckSymbolExists.c:
/* */
#include <pthread.h>

int main(int argc, char** argv)
{
  (void)argv;
#ifndef pthread_create
  return ((int*)(&pthread_create))[argc];
#else
  (void)argc;
  return 0;
#endif
}

Determining if the function pthread_create exists in the pthreads failed with the following output:
Change Dir: /home/uwb5/git/ZED2/Depthsensing_Jake/build/CMakeFiles/CMakeTmp

Run Build Command:"/usr/bin/make" "cmTC_3edfc/fast"
/usr/bin/make -f CMakeFiles/cmTC_3edfc.dir/build.make CMakeFiles/cmTC_3edfc.dir/build
make[1]: Entering directory '/home/uwb5/git/ZED2/Depthsensing_Jake/build/CMakeFiles/CMakeTmp'
Building C object CMakeFiles/cmTC_3edfc.dir/CheckFunctionExists.c.o
/usr/bin/cc   -DCHECK_FUNCTION_EXISTS=pthread_create   -o CMakeFiles/cmTC_3edfc.dir/CheckFunctionExists.c.o   -c /usr/share/cmake-3.10/Modules/CheckFunctionExists.c
Linking C executable cmTC_3edfc
/usr/bin/cmake -E cmake_link_script CMakeFiles/cmTC_3edfc.dir/link.txt --verbose=1
/usr/bin/cc  -DCHECK_FUNCTION_EXISTS=pthread_create    -rdynamic CMakeFiles/cmTC_3edfc.dir/CheckFunctionExists.c.o  -o cmTC_3edfc -lpthreads 
/usr/bin/ld: cannot find -lpthreads
collect2: error: ld returned 1 exit status
CMakeFiles/cmTC_3edfc.dir/build.make:97: recipe for target 'cmTC_3edfc' failed
make[1]: *** [cmTC_3edfc] Error 1
make[1]: Leaving directory '/home/uwb5/git/ZED2/Depthsensing_Jake/build/CMakeFiles/CMakeTmp'
Makefile:126: recipe for target 'cmTC_3edfc/fast' failed
make: *** [cmTC_3edfc/fast] Error 2


